Hmm ... looks like a package
Converting parsed Rd's to LaTeX .
Creating pdf output from LaTeX ...

This is pdfTeX, Version 3.141592653-2.6-1.40.24 (TeX Live 2022) (preloaded format=pdflatex)
 restricted \write18 enabled.
entering extended mode
LaTeX2e <2021-11-15> patch level 1
L3 programming layer <2022-02-24> (./Rd2.tex
(/usr/local/texlive/2022/texmf-dist/tex/latex/base/book.cls
Document Class: book 2021/10/04 v1.4n Standard LaTeX document class
(/usr/local/texlive/2022/texmf-dist/tex/latex/base/bk10.clo))
(/Library/Frameworks/R.framework/Resources/share/texmf/tex/latex/Rd.sty
(/usr/local/texlive/2022/texmf-dist/tex/latex/base/ifthen.sty)
(/usr/local/texlive/2022/texmf-dist/tex/generic/iftex/iftex.sty)
(/usr/local/texlive/2022/texmf-dist/tex/latex/tools/longtable.sty)
(/usr/local/texlive/2022/texmf-dist/tex/latex/tools/bm.sty)
(/usr/local/texlive/2022/texmf-dist/tex/latex/base/alltt.sty)
(/usr/local/texlive/2022/texmf-dist/tex/latex/tools/verbatim.sty)
(/usr/local/texlive/2022/texmf-dist/tex/latex/url/url.sty)
(/usr/local/texlive/2022/texmf-dist/tex/latex/base/textcomp.sty)
(/usr/local/texlive/2022/texmf-dist/tex/latex/amsmath/amsmath.sty
For additional information on amsmath, use the `?' option.
(/usr/local/texlive/2022/texmf-dist/tex/latex/amsmath/amstext.sty
(/usr/local/texlive/2022/texmf-dist/tex/latex/amsmath/amsgen.sty))
(/usr/local/texlive/2022/texmf-dist/tex/latex/amsmath/amsbsy.sty)
(/usr/local/texlive/2022/texmf-dist/tex/latex/amsmath/amsopn.sty))
(/usr/local/texlive/2022/texmf-dist/tex/latex/amsfonts/amsfonts.sty)
(/usr/local/texlive/2022/texmf-dist/tex/latex/amsfonts/amssymb.sty)
(/usr/local/texlive/2022/texmf-dist/tex/latex/jknapltx/mathrsfs.sty)
(/usr/local/texlive/2022/texmf-dist/tex/latex/base/fontenc.sty)
(/usr/local/texlive/2022/texmf-dist/tex/latex/psnfss/times.sty)
(/usr/local/texlive/2022/texmf-dist/tex/latex/inconsolata/zi4.sty
`inconsolata-zi4' v1.12, 2019/05/17 Text macros for Inconsolata (msharpe)
(/usr/local/texlive/2022/texmf-dist/tex/latex/xkeyval/xkeyval.sty
(/usr/local/texlive/2022/texmf-dist/tex/generic/xkeyval/xkeyval.tex
(/usr/local/texlive/2022/texmf-dist/tex/generic/xkeyval/xkvutils.tex
(/usr/local/texlive/2022/texmf-dist/tex/generic/xkeyval/keyval.tex)))))
(/usr/local/texlive/2022/texmf-dist/tex/latex/graphics/color.sty
(/usr/local/texlive/2022/texmf-dist/tex/latex/graphics-cfg/color.cfg)
(/usr/local/texlive/2022/texmf-dist/tex/latex/graphics-def/pdftex.def))
(/usr/local/texlive/2022/texmf-dist/tex/latex/hyperref/hyperref.sty
(/usr/local/texlive/2022/texmf-dist/tex/generic/ltxcmds/ltxcmds.sty)
(/usr/local/texlive/2022/texmf-dist/tex/generic/pdftexcmds/pdftexcmds.sty
(/usr/local/texlive/2022/texmf-dist/tex/generic/infwarerr/infwarerr.sty))
(/usr/local/texlive/2022/texmf-dist/tex/generic/kvsetkeys/kvsetkeys.sty)
(/usr/local/texlive/2022/texmf-dist/tex/generic/kvdefinekeys/kvdefinekeys.sty)
(/usr/local/texlive/2022/texmf-dist/tex/generic/pdfescape/pdfescape.sty)
(/usr/local/texlive/2022/texmf-dist/tex/latex/hycolor/hycolor.sty)
(/usr/local/texlive/2022/texmf-dist/tex/latex/letltxmacro/letltxmacro.sty)
(/usr/local/texlive/2022/texmf-dist/tex/latex/auxhook/auxhook.sty)
(/usr/local/texlive/2022/texmf-dist/tex/latex/kvoptions/kvoptions.sty)
(/usr/local/texlive/2022/texmf-dist/tex/latex/hyperref/pd1enc.def)
(/usr/local/texlive/2022/texmf-dist/tex/generic/intcalc/intcalc.sty)
(/usr/local/texlive/2022/texmf-dist/tex/generic/etexcmds/etexcmds.sty)
(/usr/local/texlive/2022/texmf-dist/tex/latex/hyperref/puenc.def)
(/usr/local/texlive/2022/texmf-dist/tex/generic/bitset/bitset.sty
(/usr/local/texlive/2022/texmf-dist/tex/generic/bigintcalc/bigintcalc.sty))
(/usr/local/texlive/2022/texmf-dist/tex/latex/base/atbegshi-ltx.sty))
(/usr/local/texlive/2022/texmf-dist/tex/latex/hyperref/hpdftex.def
(/usr/local/texlive/2022/texmf-dist/tex/latex/base/atveryend-ltx.sty)
(/usr/local/texlive/2022/texmf-dist/tex/latex/rerunfilecheck/rerunfilecheck.sty

(/usr/local/texlive/2022/texmf-dist/tex/generic/uniquecounter/uniquecounter.sty
)))) (/usr/local/texlive/2022/texmf-dist/tex/latex/base/makeidx.sty)
Writing index file Rd2.idx
(/usr/local/texlive/2022/texmf-dist/tex/latex/psnfss/t1ptm.fd)
(/usr/local/texlive/2022/texmf-dist/tex/latex/l3backend/l3backend-pdftex.def)
No file Rd2.aux.
(/usr/local/texlive/2022/texmf-dist/tex/context/base/mkii/supp-pdf.mkii
[Loading MPS to PDF converter (version 2006.09.02).]
) (/usr/local/texlive/2022/texmf-dist/tex/latex/hyperref/nameref.sty
(/usr/local/texlive/2022/texmf-dist/tex/latex/refcount/refcount.sty)
(/usr/local/texlive/2022/texmf-dist/tex/generic/gettitlestring/gettitlestring.s
ty)) (/usr/local/texlive/2022/texmf-dist/tex/latex/inconsolata/t1zi4.fd)
(/usr/local/texlive/2022/texmf-dist/tex/latex/amsfonts/umsa.fd)
(/usr/local/texlive/2022/texmf-dist/tex/latex/amsfonts/umsb.fd)
(/usr/local/texlive/2022/texmf-dist/tex/latex/jknapltx/ursfs.fd) [1{/usr/local/
texlive/2022/texmf-var/fonts/map/pdftex/updmap/pdftex.map}]
Underfull \hbox (badness 10000) in paragraph at lines 79--92


Underfull \hbox (badness 10000) in paragraph at lines 79--92


Underfull \hbox (badness 10000) in paragraph at lines 79--92


Overfull \hbox (9.05748pt too wide) in paragraph at lines 79--92
\T1/ptm/m/it/10 Jour-nal of the Amer-i-can Sta-tis-ti-cal As-so-ci-a-tion\T1/pt
m/m/n/10 , \T1/ptm/b/n/10 116\T1/ptm/m/n/10 (536), 1865--1880. ISSN 0162-1459, 
[][]doi:10.1080/
(/usr/local/texlive/2022/texmf-dist/tex/latex/psnfss/ts1ptm.fd) [2]
(/usr/local/texlive/2022/texmf-dist/tex/latex/inconsolata/ts1zi4.fd) [3]
[4] [5] [6] [7] [8]
Underfull \hbox (badness 10000) in paragraph at lines 509--522


Underfull \hbox (badness 10000) in paragraph at lines 509--522


Underfull \hbox (badness 10000) in paragraph at lines 509--522


Overfull \hbox (9.05748pt too wide) in paragraph at lines 509--522
\T1/ptm/m/it/10 Jour-nal of the Amer-i-can Sta-tis-ti-cal As-so-ci-a-tion\T1/pt
m/m/n/10 , \T1/ptm/b/n/10 116\T1/ptm/m/n/10 (536), 1865--1880. ISSN 0162-1459, 
[][]doi:10.1080/
[9] [10] [11] [12]
Underfull \hbox (badness 10000) in paragraph at lines 716--729


Underfull \hbox (badness 10000) in paragraph at lines 716--729


Underfull \hbox (badness 10000) in paragraph at lines 716--729


Overfull \hbox (9.05748pt too wide) in paragraph at lines 716--729
\T1/ptm/m/it/10 Jour-nal of the Amer-i-can Sta-tis-ti-cal As-so-ci-a-tion\T1/pt
m/m/n/10 , \T1/ptm/b/n/10 116\T1/ptm/m/n/10 (536), 1865--1880. ISSN 0162-1459, 
[][]doi:10.1080/
[13] [14]
Overfull \hbox (8.25786pt too wide) in paragraph at lines 821--825
\T1/ptm/m/n/10 can be found at the fol-low-ing link https://cvxr.rbind.io/cvxr_
examples/cvxr_using-
[15] [16] [17]
Underfull \hbox (badness 10000) in paragraph at lines 972--985


Underfull \hbox (badness 10000) in paragraph at lines 972--985


Underfull \hbox (badness 10000) in paragraph at lines 972--985


Overfull \hbox (9.05748pt too wide) in paragraph at lines 972--985
\T1/ptm/m/it/10 Jour-nal of the Amer-i-can Sta-tis-ti-cal As-so-ci-a-tion\T1/pt
m/m/n/10 , \T1/ptm/b/n/10 116\T1/ptm/m/n/10 (536), 1865--1880. ISSN 0162-1459, 
[][]doi:10.1080/
[18] [19]
Overfull \hbox (8.25786pt too wide) in paragraph at lines 1095--1099
\T1/ptm/m/n/10 can be found at the fol-low-ing link https://cvxr.rbind.io/cvxr_
examples/cvxr_using-
[20]
Overfull \hbox (3.45811pt too wide) in paragraph at lines 1120--1121
[]\T1/ptm/m/n/10 a scalar spec-i-fy-ing the con-fi-dence level for in-sample un
-cer-tainty, i.e. 1 - []\T1/zi4/m/n/10 u.alpha
[21] [22]
Overfull \hbox (0.42694pt too wide) in paragraph at lines 1249--1258
[]\T1/ptm/b/n/10 In-sample un-cer-tainty. \T1/ptm/m/n/10 To quan-tify in-sample
 un-cer-tainty it is nec-es-sary to model the pseudo-
[23] [24]
Overfull \hbox (1.60721pt too wide) in paragraph at lines 1337--1338
[]\T1/ptm/m/n/10 a list con-tain-ing the es-ti-mated bounds (in-sample and out-
of-sample un-cer-tainty). 

Overfull \hbox (6.19745pt too wide) in paragraph at lines 1340--1341
[]\T1/ptm/m/n/10 a ma-trix con-tain-ing the es-ti-mated (con-di-tional) varianc
e-covariance of the pseudo-
[25]
Overfull \hbox (0.13724pt too wide) in paragraph at lines 1352--1353
[]\T1/ptm/m/n/10 a string in-di-cat-ing the spec-i-fi-ca-tion used to pre-dict 
mo-ments of the out-of-sample

Underfull \hbox (badness 10000) in paragraph at lines 1378--1391


Underfull \hbox (badness 10000) in paragraph at lines 1378--1391


Underfull \hbox (badness 10000) in paragraph at lines 1378--1391


Overfull \hbox (9.05748pt too wide) in paragraph at lines 1378--1391
\T1/ptm/m/it/10 Jour-nal of the Amer-i-can Sta-tis-ti-cal As-so-ci-a-tion\T1/pt
m/m/n/10 , \T1/ptm/b/n/10 116\T1/ptm/m/n/10 (536), 1865--1880. ISSN 0162-1459, 
[][]doi:10.1080/
[26] [27] [28]
Overfull \hbox (3.50772pt too wide) in paragraph at lines 1522--1523
[]\T1/ptm/m/n/10 a list con-tain-ing some specifics to be passed to ggsave (eg.
 img.width, img.height,

Underfull \hbox (badness 10000) in paragraph at lines 1546--1559


Underfull \hbox (badness 10000) in paragraph at lines 1546--1559


Underfull \hbox (badness 10000) in paragraph at lines 1546--1559


Overfull \hbox (9.05748pt too wide) in paragraph at lines 1546--1559
\T1/ptm/m/it/10 Jour-nal of the Amer-i-can Sta-tis-ti-cal As-so-ci-a-tion\T1/pt
m/m/n/10 , \T1/ptm/b/n/10 116\T1/ptm/m/n/10 (536), 1865--1880. ISSN 0162-1459, 
[][]doi:10.1080/
[29] [30]
Underfull \hbox (badness 10000) in paragraph at lines 1669--1682


Underfull \hbox (badness 10000) in paragraph at lines 1669--1682


Underfull \hbox (badness 10000) in paragraph at lines 1669--1682


Overfull \hbox (9.05748pt too wide) in paragraph at lines 1669--1682
\T1/ptm/m/it/10 Jour-nal of the Amer-i-can Sta-tis-ti-cal As-so-ci-a-tion\T1/pt
m/m/n/10 , \T1/ptm/b/n/10 116\T1/ptm/m/n/10 (536), 1865--1880. ISSN 0162-1459, 
[][]doi:10.1080/
[31] [32] [33] [34]
No file Rd2.ind.
[35]
(/private/var/folders/2w/9h_4yk211zx9y0hmzd_xf7yh0000gn/T/RtmpCdz28k/Rd2pdf5d03
6bba367a/Rd2.aux)

Package rerunfilecheck Warning: File `Rd2.out' has changed.
(rerunfilecheck)                Rerun to get outlines right
(rerunfilecheck)                or use package `bookmark'.

 )
(see the transcript file for additional information)
pdfTeX warning (dest): name{Rfn.as.Date} has been referenced but does not exist
, replaced by a fixed one

{/usr/local/texlive/2022/texmf-dist/fonts/enc/dvips/inconsolata/i4-ts1.enc}{/us
r/local/texlive/2022/texmf-dist/fonts/enc/dvips/base/8r.enc}{/usr/local/texlive
/2022/texmf-dist/fonts/enc/dvips/inconsolata/i4-t1-0.enc}</usr/local/texlive/20
22/texmf-dist/fonts/type1/public/inconsolata/Inconsolata-zi4r.pfb></usr/local/t
exlive/2022/texmf-dist/fonts/type1/public/amsfonts/cm/cmbx10.pfb></usr/local/te
xlive/2022/texmf-dist/fonts/type1/public/amsfonts/cm/cmex10.pfb></usr/local/tex
live/2022/texmf-dist/fonts/type1/public/amsfonts/cm/cmmi10.pfb></usr/local/texl
ive/2022/texmf-dist/fonts/type1/public/amsfonts/cm/cmmi5.pfb></usr/local/texliv
e/2022/texmf-dist/fonts/type1/public/amsfonts/cm/cmmi7.pfb></usr/local/texlive/
2022/texmf-dist/fonts/type1/public/amsfonts/cm/cmmib10.pfb></usr/local/texlive/
2022/texmf-dist/fonts/type1/public/amsfonts/cm/cmr10.pfb></usr/local/texlive/20
22/texmf-dist/fonts/type1/public/amsfonts/cm/cmr5.pfb></usr/local/texlive/2022/
texmf-dist/fonts/type1/public/amsfonts/cm/cmr7.pfb></usr/local/texlive/2022/tex
mf-dist/fonts/type1/public/amsfonts/cm/cmsy10.pfb></usr/local/texlive/2022/texm
f-dist/fonts/type1/public/amsfonts/cm/cmsy7.pfb></usr/local/texlive/2022/texmf-
dist/fonts/type1/urw/times/utmb8a.pfb></usr/local/texlive/2022/texmf-dist/fonts
/type1/urw/times/utmr8a.pfb></usr/local/texlive/2022/texmf-dist/fonts/type1/urw
/times/utmr8a.pfb></usr/local/texlive/2022/texmf-dist/fonts/type1/urw/times/utm
ri8a.pfb>
Output written on Rd2.pdf (35 pages, 284930 bytes).
Transcript written on Rd2.log.
This is makeindex, version 2.16 [TeX Live 2022] (kpathsea + Thai support).
Scanning input file Rd2.idx....done (175 entries accepted, 0 rejected).
Sorting entries.....done (1504 comparisons).
Generating output file Rd2.ind....done (97 lines written, 10 warnings).
Output written in Rd2.ind.
Transcript written in Rd2.ilg.
This is pdfTeX, Version 3.141592653-2.6-1.40.24 (TeX Live 2022) (preloaded format=pdflatex)
 restricted \write18 enabled.
entering extended mode
LaTeX2e <2021-11-15> patch level 1
L3 programming layer <2022-02-24> (./Rd2.tex
(/usr/local/texlive/2022/texmf-dist/tex/latex/base/book.cls
Document Class: book 2021/10/04 v1.4n Standard LaTeX document class
(/usr/local/texlive/2022/texmf-dist/tex/latex/base/bk10.clo))
(/Library/Frameworks/R.framework/Resources/share/texmf/tex/latex/Rd.sty
(/usr/local/texlive/2022/texmf-dist/tex/latex/base/ifthen.sty)
(/usr/local/texlive/2022/texmf-dist/tex/generic/iftex/iftex.sty)
(/usr/local/texlive/2022/texmf-dist/tex/latex/tools/longtable.sty)
(/usr/local/texlive/2022/texmf-dist/tex/latex/tools/bm.sty)
(/usr/local/texlive/2022/texmf-dist/tex/latex/base/alltt.sty)
(/usr/local/texlive/2022/texmf-dist/tex/latex/tools/verbatim.sty)
(/usr/local/texlive/2022/texmf-dist/tex/latex/url/url.sty)
(/usr/local/texlive/2022/texmf-dist/tex/latex/base/textcomp.sty)
(/usr/local/texlive/2022/texmf-dist/tex/latex/amsmath/amsmath.sty
For additional information on amsmath, use the `?' option.
(/usr/local/texlive/2022/texmf-dist/tex/latex/amsmath/amstext.sty
(/usr/local/texlive/2022/texmf-dist/tex/latex/amsmath/amsgen.sty))
(/usr/local/texlive/2022/texmf-dist/tex/latex/amsmath/amsbsy.sty)
(/usr/local/texlive/2022/texmf-dist/tex/latex/amsmath/amsopn.sty))
(/usr/local/texlive/2022/texmf-dist/tex/latex/amsfonts/amsfonts.sty)
(/usr/local/texlive/2022/texmf-dist/tex/latex/amsfonts/amssymb.sty)
(/usr/local/texlive/2022/texmf-dist/tex/latex/jknapltx/mathrsfs.sty)
(/usr/local/texlive/2022/texmf-dist/tex/latex/base/fontenc.sty)
(/usr/local/texlive/2022/texmf-dist/tex/latex/psnfss/times.sty)
(/usr/local/texlive/2022/texmf-dist/tex/latex/inconsolata/zi4.sty
`inconsolata-zi4' v1.12, 2019/05/17 Text macros for Inconsolata (msharpe)
(/usr/local/texlive/2022/texmf-dist/tex/latex/xkeyval/xkeyval.sty
(/usr/local/texlive/2022/texmf-dist/tex/generic/xkeyval/xkeyval.tex
(/usr/local/texlive/2022/texmf-dist/tex/generic/xkeyval/xkvutils.tex
(/usr/local/texlive/2022/texmf-dist/tex/generic/xkeyval/keyval.tex)))))
(/usr/local/texlive/2022/texmf-dist/tex/latex/graphics/color.sty
(/usr/local/texlive/2022/texmf-dist/tex/latex/graphics-cfg/color.cfg)
(/usr/local/texlive/2022/texmf-dist/tex/latex/graphics-def/pdftex.def))
(/usr/local/texlive/2022/texmf-dist/tex/latex/hyperref/hyperref.sty
(/usr/local/texlive/2022/texmf-dist/tex/generic/ltxcmds/ltxcmds.sty)
(/usr/local/texlive/2022/texmf-dist/tex/generic/pdftexcmds/pdftexcmds.sty
(/usr/local/texlive/2022/texmf-dist/tex/generic/infwarerr/infwarerr.sty))
(/usr/local/texlive/2022/texmf-dist/tex/generic/kvsetkeys/kvsetkeys.sty)
(/usr/local/texlive/2022/texmf-dist/tex/generic/kvdefinekeys/kvdefinekeys.sty)
(/usr/local/texlive/2022/texmf-dist/tex/generic/pdfescape/pdfescape.sty)
(/usr/local/texlive/2022/texmf-dist/tex/latex/hycolor/hycolor.sty)
(/usr/local/texlive/2022/texmf-dist/tex/latex/letltxmacro/letltxmacro.sty)
(/usr/local/texlive/2022/texmf-dist/tex/latex/auxhook/auxhook.sty)
(/usr/local/texlive/2022/texmf-dist/tex/latex/kvoptions/kvoptions.sty)
(/usr/local/texlive/2022/texmf-dist/tex/latex/hyperref/pd1enc.def)
(/usr/local/texlive/2022/texmf-dist/tex/generic/intcalc/intcalc.sty)
(/usr/local/texlive/2022/texmf-dist/tex/generic/etexcmds/etexcmds.sty)
(/usr/local/texlive/2022/texmf-dist/tex/latex/hyperref/puenc.def)
(/usr/local/texlive/2022/texmf-dist/tex/generic/bitset/bitset.sty
(/usr/local/texlive/2022/texmf-dist/tex/generic/bigintcalc/bigintcalc.sty))
(/usr/local/texlive/2022/texmf-dist/tex/latex/base/atbegshi-ltx.sty))
(/usr/local/texlive/2022/texmf-dist/tex/latex/hyperref/hpdftex.def
(/usr/local/texlive/2022/texmf-dist/tex/latex/base/atveryend-ltx.sty)
(/usr/local/texlive/2022/texmf-dist/tex/latex/rerunfilecheck/rerunfilecheck.sty

(/usr/local/texlive/2022/texmf-dist/tex/generic/uniquecounter/uniquecounter.sty
)))) (/usr/local/texlive/2022/texmf-dist/tex/latex/base/makeidx.sty)
Writing index file Rd2.idx
(/usr/local/texlive/2022/texmf-dist/tex/latex/psnfss/t1ptm.fd)
(/usr/local/texlive/2022/texmf-dist/tex/latex/l3backend/l3backend-pdftex.def)
(/private/var/folders/2w/9h_4yk211zx9y0hmzd_xf7yh0000gn/T/RtmpCdz28k/Rd2pdf5d03
6bba367a/Rd2.aux)
(/usr/local/texlive/2022/texmf-dist/tex/context/base/mkii/supp-pdf.mkii
[Loading MPS to PDF converter (version 2006.09.02).]
) (/usr/local/texlive/2022/texmf-dist/tex/latex/hyperref/nameref.sty
(/usr/local/texlive/2022/texmf-dist/tex/latex/refcount/refcount.sty)
(/usr/local/texlive/2022/texmf-dist/tex/generic/gettitlestring/gettitlestring.s
ty))
(/private/var/folders/2w/9h_4yk211zx9y0hmzd_xf7yh0000gn/T/RtmpCdz28k/Rd2pdf5d03
6bba367a/Rd2.out)
(/private/var/folders/2w/9h_4yk211zx9y0hmzd_xf7yh0000gn/T/RtmpCdz28k/Rd2pdf5d03
6bba367a/Rd2.out)
(/usr/local/texlive/2022/texmf-dist/tex/latex/inconsolata/t1zi4.fd)
(/usr/local/texlive/2022/texmf-dist/tex/latex/amsfonts/umsa.fd)
(/usr/local/texlive/2022/texmf-dist/tex/latex/amsfonts/umsb.fd)
(/usr/local/texlive/2022/texmf-dist/tex/latex/jknapltx/ursfs.fd)
(/private/var/folders/2w/9h_4yk211zx9y0hmzd_xf7yh0000gn/T/RtmpCdz28k/Rd2pdf5d03
6bba367a/Rd2.toc [1{/usr/local/texlive/2022/texmf-var/fonts/map/pdftex/updmap/p
dftex.map}])
Underfull \hbox (badness 10000) in paragraph at lines 79--92


Underfull \hbox (badness 10000) in paragraph at lines 79--92


Underfull \hbox (badness 10000) in paragraph at lines 79--92


Overfull \hbox (9.05748pt too wide) in paragraph at lines 79--92
\T1/ptm/m/it/10 Jour-nal of the Amer-i-can Sta-tis-ti-cal As-so-ci-a-tion\T1/pt
m/m/n/10 , \T1/ptm/b/n/10 116\T1/ptm/m/n/10 (536), 1865--1880. ISSN 0162-1459, 
[][]doi:10.1080/
[2] (/usr/local/texlive/2022/texmf-dist/tex/latex/psnfss/ts1ptm.fd)
(/usr/local/texlive/2022/texmf-dist/tex/latex/inconsolata/ts1zi4.fd) [3]
[4] [5] [6] [7] [8] [9]
Underfull \hbox (badness 10000) in paragraph at lines 509--522


Underfull \hbox (badness 10000) in paragraph at lines 509--522


Underfull \hbox (badness 10000) in paragraph at lines 509--522


Overfull \hbox (9.05748pt too wide) in paragraph at lines 509--522
\T1/ptm/m/it/10 Jour-nal of the Amer-i-can Sta-tis-ti-cal As-so-ci-a-tion\T1/pt
m/m/n/10 , \T1/ptm/b/n/10 116\T1/ptm/m/n/10 (536), 1865--1880. ISSN 0162-1459, 
[][]doi:10.1080/
[10] [11] [12] [13]
Underfull \hbox (badness 10000) in paragraph at lines 716--729


Underfull \hbox (badness 10000) in paragraph at lines 716--729


Underfull \hbox (badness 10000) in paragraph at lines 716--729


Overfull \hbox (9.05748pt too wide) in paragraph at lines 716--729
\T1/ptm/m/it/10 Jour-nal of the Amer-i-can Sta-tis-ti-cal As-so-ci-a-tion\T1/pt
m/m/n/10 , \T1/ptm/b/n/10 116\T1/ptm/m/n/10 (536), 1865--1880. ISSN 0162-1459, 
[][]doi:10.1080/
[14] [15]
Overfull \hbox (8.25786pt too wide) in paragraph at lines 821--825
\T1/ptm/m/n/10 can be found at the fol-low-ing link https://cvxr.rbind.io/cvxr_
examples/cvxr_using-
[16] [17] [18]
Underfull \hbox (badness 10000) in paragraph at lines 972--985


Underfull \hbox (badness 10000) in paragraph at lines 972--985


Underfull \hbox (badness 10000) in paragraph at lines 972--985


Overfull \hbox (9.05748pt too wide) in paragraph at lines 972--985
\T1/ptm/m/it/10 Jour-nal of the Amer-i-can Sta-tis-ti-cal As-so-ci-a-tion\T1/pt
m/m/n/10 , \T1/ptm/b/n/10 116\T1/ptm/m/n/10 (536), 1865--1880. ISSN 0162-1459, 
[][]doi:10.1080/
[19] [20]
Overfull \hbox (8.25786pt too wide) in paragraph at lines 1095--1099
\T1/ptm/m/n/10 can be found at the fol-low-ing link https://cvxr.rbind.io/cvxr_
examples/cvxr_using-

Overfull \hbox (3.45811pt too wide) in paragraph at lines 1120--1121
[]\T1/ptm/m/n/10 a scalar spec-i-fy-ing the con-fi-dence level for in-sample un
-cer-tainty, i.e. 1 - []\T1/zi4/m/n/10 u.alpha
[21] [22] [23]
Overfull \hbox (0.42694pt too wide) in paragraph at lines 1249--1258
[]\T1/ptm/b/n/10 In-sample un-cer-tainty. \T1/ptm/m/n/10 To quan-tify in-sample
 un-cer-tainty it is nec-es-sary to model the pseudo-
[24] [25]
Overfull \hbox (1.60721pt too wide) in paragraph at lines 1337--1338
[]\T1/ptm/m/n/10 a list con-tain-ing the es-ti-mated bounds (in-sample and out-
of-sample un-cer-tainty). 

Overfull \hbox (6.19745pt too wide) in paragraph at lines 1340--1341
[]\T1/ptm/m/n/10 a ma-trix con-tain-ing the es-ti-mated (con-di-tional) varianc
e-covariance of the pseudo-

Overfull \hbox (0.13724pt too wide) in paragraph at lines 1352--1353
[]\T1/ptm/m/n/10 a string in-di-cat-ing the spec-i-fi-ca-tion used to pre-dict 
mo-ments of the out-of-sample
[26]
Underfull \hbox (badness 10000) in paragraph at lines 1378--1391


Underfull \hbox (badness 10000) in paragraph at lines 1378--1391


Underfull \hbox (badness 10000) in paragraph at lines 1378--1391


Overfull \hbox (9.05748pt too wide) in paragraph at lines 1378--1391
\T1/ptm/m/it/10 Jour-nal of the Amer-i-can Sta-tis-ti-cal As-so-ci-a-tion\T1/pt
m/m/n/10 , \T1/ptm/b/n/10 116\T1/ptm/m/n/10 (536), 1865--1880. ISSN 0162-1459, 
[][]doi:10.1080/
[27] [28]
Overfull \hbox (3.50772pt too wide) in paragraph at lines 1522--1523
[]\T1/ptm/m/n/10 a list con-tain-ing some specifics to be passed to ggsave (eg.
 img.width, img.height,
[29]
Underfull \hbox (badness 10000) in paragraph at lines 1546--1559


Underfull \hbox (badness 10000) in paragraph at lines 1546--1559


Underfull \hbox (badness 10000) in paragraph at lines 1546--1559


Overfull \hbox (9.05748pt too wide) in paragraph at lines 1546--1559
\T1/ptm/m/it/10 Jour-nal of the Amer-i-can Sta-tis-ti-cal As-so-ci-a-tion\T1/pt
m/m/n/10 , \T1/ptm/b/n/10 116\T1/ptm/m/n/10 (536), 1865--1880. ISSN 0162-1459, 
[][]doi:10.1080/
[30] [31]
Underfull \hbox (badness 10000) in paragraph at lines 1669--1682


Underfull \hbox (badness 10000) in paragraph at lines 1669--1682


Underfull \hbox (badness 10000) in paragraph at lines 1669--1682


Overfull \hbox (9.05748pt too wide) in paragraph at lines 1669--1682
\T1/ptm/m/it/10 Jour-nal of the Amer-i-can Sta-tis-ti-cal As-so-ci-a-tion\T1/pt
m/m/n/10 , \T1/ptm/b/n/10 116\T1/ptm/m/n/10 (536), 1865--1880. ISSN 0162-1459, 
[][]doi:10.1080/
[32] [33] [34]
(/private/var/folders/2w/9h_4yk211zx9y0hmzd_xf7yh0000gn/T/RtmpCdz28k/Rd2pdf5d03
6bba367a/Rd2.ind [35] [36])
(/private/var/folders/2w/9h_4yk211zx9y0hmzd_xf7yh0000gn/T/RtmpCdz28k/Rd2pdf5d03
6bba367a/Rd2.aux)

Package rerunfilecheck Warning: File `Rd2.out' has changed.
(rerunfilecheck)                Rerun to get outlines right
(rerunfilecheck)                or use package `bookmark'.

 )
(see the transcript file for additional information)
pdfTeX warning (dest): name{Rfn.as.Date} has been referenced but does not exist
, replaced by a fixed one

{/usr/local/texlive/2022/texmf-dist/fonts/enc/dvips/inconsolata/i4-ts1.enc}{/us
r/local/texlive/2022/texmf-dist/fonts/enc/dvips/base/8r.enc}{/usr/local/texlive
/2022/texmf-dist/fonts/enc/dvips/inconsolata/i4-t1-0.enc}</usr/local/texlive/20
22/texmf-dist/fonts/type1/public/inconsolata/Inconsolata-zi4r.pfb></usr/local/t
exlive/2022/texmf-dist/fonts/type1/public/amsfonts/cm/cmbx10.pfb></usr/local/te
xlive/2022/texmf-dist/fonts/type1/public/amsfonts/cm/cmex10.pfb></usr/local/tex
live/2022/texmf-dist/fonts/type1/public/amsfonts/cm/cmmi10.pfb></usr/local/texl
ive/2022/texmf-dist/fonts/type1/public/amsfonts/cm/cmmi5.pfb></usr/local/texliv
e/2022/texmf-dist/fonts/type1/public/amsfonts/cm/cmmi7.pfb></usr/local/texlive/
2022/texmf-dist/fonts/type1/public/amsfonts/cm/cmmib10.pfb></usr/local/texlive/
2022/texmf-dist/fonts/type1/public/amsfonts/cm/cmr10.pfb></usr/local/texlive/20
22/texmf-dist/fonts/type1/public/amsfonts/cm/cmr5.pfb></usr/local/texlive/2022/
texmf-dist/fonts/type1/public/amsfonts/cm/cmr7.pfb></usr/local/texlive/2022/tex
mf-dist/fonts/type1/public/amsfonts/cm/cmsy10.pfb></usr/local/texlive/2022/texm
f-dist/fonts/type1/public/amsfonts/cm/cmsy7.pfb></usr/local/texlive/2022/texmf-
dist/fonts/type1/urw/times/utmb8a.pfb></usr/local/texlive/2022/texmf-dist/fonts
/type1/urw/times/utmr8a.pfb></usr/local/texlive/2022/texmf-dist/fonts/type1/urw
/times/utmr8a.pfb></usr/local/texlive/2022/texmf-dist/fonts/type1/urw/times/utm
ri8a.pfb>
Output written on Rd2.pdf (36 pages, 292953 bytes).
Transcript written on Rd2.log.
This is makeindex, version 2.16 [TeX Live 2022] (kpathsea + Thai support).
Scanning input file Rd2.idx....done (175 entries accepted, 0 rejected).
Sorting entries.....done (1532 comparisons).
Generating output file Rd2.ind....done (97 lines written, 10 warnings).
Output written in Rd2.ind.
Transcript written in Rd2.ilg.
This is pdfTeX, Version 3.141592653-2.6-1.40.24 (TeX Live 2022) (preloaded format=pdflatex)
 restricted \write18 enabled.
entering extended mode
LaTeX2e <2021-11-15> patch level 1
L3 programming layer <2022-02-24> (./Rd2.tex
(/usr/local/texlive/2022/texmf-dist/tex/latex/base/book.cls
Document Class: book 2021/10/04 v1.4n Standard LaTeX document class
(/usr/local/texlive/2022/texmf-dist/tex/latex/base/bk10.clo))
(/Library/Frameworks/R.framework/Resources/share/texmf/tex/latex/Rd.sty
(/usr/local/texlive/2022/texmf-dist/tex/latex/base/ifthen.sty)
(/usr/local/texlive/2022/texmf-dist/tex/generic/iftex/iftex.sty)
(/usr/local/texlive/2022/texmf-dist/tex/latex/tools/longtable.sty)
(/usr/local/texlive/2022/texmf-dist/tex/latex/tools/bm.sty)
(/usr/local/texlive/2022/texmf-dist/tex/latex/base/alltt.sty)
(/usr/local/texlive/2022/texmf-dist/tex/latex/tools/verbatim.sty)
(/usr/local/texlive/2022/texmf-dist/tex/latex/url/url.sty)
(/usr/local/texlive/2022/texmf-dist/tex/latex/base/textcomp.sty)
(/usr/local/texlive/2022/texmf-dist/tex/latex/amsmath/amsmath.sty
For additional information on amsmath, use the `?' option.
(/usr/local/texlive/2022/texmf-dist/tex/latex/amsmath/amstext.sty
(/usr/local/texlive/2022/texmf-dist/tex/latex/amsmath/amsgen.sty))
(/usr/local/texlive/2022/texmf-dist/tex/latex/amsmath/amsbsy.sty)
(/usr/local/texlive/2022/texmf-dist/tex/latex/amsmath/amsopn.sty))
(/usr/local/texlive/2022/texmf-dist/tex/latex/amsfonts/amsfonts.sty)
(/usr/local/texlive/2022/texmf-dist/tex/latex/amsfonts/amssymb.sty)
(/usr/local/texlive/2022/texmf-dist/tex/latex/jknapltx/mathrsfs.sty)
(/usr/local/texlive/2022/texmf-dist/tex/latex/base/fontenc.sty)
(/usr/local/texlive/2022/texmf-dist/tex/latex/psnfss/times.sty)
(/usr/local/texlive/2022/texmf-dist/tex/latex/inconsolata/zi4.sty
`inconsolata-zi4' v1.12, 2019/05/17 Text macros for Inconsolata (msharpe)
(/usr/local/texlive/2022/texmf-dist/tex/latex/xkeyval/xkeyval.sty
(/usr/local/texlive/2022/texmf-dist/tex/generic/xkeyval/xkeyval.tex
(/usr/local/texlive/2022/texmf-dist/tex/generic/xkeyval/xkvutils.tex
(/usr/local/texlive/2022/texmf-dist/tex/generic/xkeyval/keyval.tex)))))
(/usr/local/texlive/2022/texmf-dist/tex/latex/graphics/color.sty
(/usr/local/texlive/2022/texmf-dist/tex/latex/graphics-cfg/color.cfg)
(/usr/local/texlive/2022/texmf-dist/tex/latex/graphics-def/pdftex.def))
(/usr/local/texlive/2022/texmf-dist/tex/latex/hyperref/hyperref.sty
(/usr/local/texlive/2022/texmf-dist/tex/generic/ltxcmds/ltxcmds.sty)
(/usr/local/texlive/2022/texmf-dist/tex/generic/pdftexcmds/pdftexcmds.sty
(/usr/local/texlive/2022/texmf-dist/tex/generic/infwarerr/infwarerr.sty))
(/usr/local/texlive/2022/texmf-dist/tex/generic/kvsetkeys/kvsetkeys.sty)
(/usr/local/texlive/2022/texmf-dist/tex/generic/kvdefinekeys/kvdefinekeys.sty)
(/usr/local/texlive/2022/texmf-dist/tex/generic/pdfescape/pdfescape.sty)
(/usr/local/texlive/2022/texmf-dist/tex/latex/hycolor/hycolor.sty)
(/usr/local/texlive/2022/texmf-dist/tex/latex/letltxmacro/letltxmacro.sty)
(/usr/local/texlive/2022/texmf-dist/tex/latex/auxhook/auxhook.sty)
(/usr/local/texlive/2022/texmf-dist/tex/latex/kvoptions/kvoptions.sty)
(/usr/local/texlive/2022/texmf-dist/tex/latex/hyperref/pd1enc.def)
(/usr/local/texlive/2022/texmf-dist/tex/generic/intcalc/intcalc.sty)
(/usr/local/texlive/2022/texmf-dist/tex/generic/etexcmds/etexcmds.sty)
(/usr/local/texlive/2022/texmf-dist/tex/latex/hyperref/puenc.def)
(/usr/local/texlive/2022/texmf-dist/tex/generic/bitset/bitset.sty
(/usr/local/texlive/2022/texmf-dist/tex/generic/bigintcalc/bigintcalc.sty))
(/usr/local/texlive/2022/texmf-dist/tex/latex/base/atbegshi-ltx.sty))
(/usr/local/texlive/2022/texmf-dist/tex/latex/hyperref/hpdftex.def
(/usr/local/texlive/2022/texmf-dist/tex/latex/base/atveryend-ltx.sty)
(/usr/local/texlive/2022/texmf-dist/tex/latex/rerunfilecheck/rerunfilecheck.sty

(/usr/local/texlive/2022/texmf-dist/tex/generic/uniquecounter/uniquecounter.sty
)))) (/usr/local/texlive/2022/texmf-dist/tex/latex/base/makeidx.sty)
Writing index file Rd2.idx
(/usr/local/texlive/2022/texmf-dist/tex/latex/psnfss/t1ptm.fd)
(/usr/local/texlive/2022/texmf-dist/tex/latex/l3backend/l3backend-pdftex.def)
(/private/var/folders/2w/9h_4yk211zx9y0hmzd_xf7yh0000gn/T/RtmpCdz28k/Rd2pdf5d03
6bba367a/Rd2.aux)
(/usr/local/texlive/2022/texmf-dist/tex/context/base/mkii/supp-pdf.mkii
[Loading MPS to PDF converter (version 2006.09.02).]
) (/usr/local/texlive/2022/texmf-dist/tex/latex/hyperref/nameref.sty
(/usr/local/texlive/2022/texmf-dist/tex/latex/refcount/refcount.sty)
(/usr/local/texlive/2022/texmf-dist/tex/generic/gettitlestring/gettitlestring.s
ty))
(/private/var/folders/2w/9h_4yk211zx9y0hmzd_xf7yh0000gn/T/RtmpCdz28k/Rd2pdf5d03
6bba367a/Rd2.out)
(/private/var/folders/2w/9h_4yk211zx9y0hmzd_xf7yh0000gn/T/RtmpCdz28k/Rd2pdf5d03
6bba367a/Rd2.out)
(/usr/local/texlive/2022/texmf-dist/tex/latex/inconsolata/t1zi4.fd)
(/usr/local/texlive/2022/texmf-dist/tex/latex/amsfonts/umsa.fd)
(/usr/local/texlive/2022/texmf-dist/tex/latex/amsfonts/umsb.fd)
(/usr/local/texlive/2022/texmf-dist/tex/latex/jknapltx/ursfs.fd)
(/private/var/folders/2w/9h_4yk211zx9y0hmzd_xf7yh0000gn/T/RtmpCdz28k/Rd2pdf5d03
6bba367a/Rd2.toc [1{/usr/local/texlive/2022/texmf-var/fonts/map/pdftex/updmap/p
dftex.map}])
Underfull \hbox (badness 10000) in paragraph at lines 79--92


Underfull \hbox (badness 10000) in paragraph at lines 79--92


Underfull \hbox (badness 10000) in paragraph at lines 79--92


Overfull \hbox (9.05748pt too wide) in paragraph at lines 79--92
\T1/ptm/m/it/10 Jour-nal of the Amer-i-can Sta-tis-ti-cal As-so-ci-a-tion\T1/pt
m/m/n/10 , \T1/ptm/b/n/10 116\T1/ptm/m/n/10 (536), 1865--1880. ISSN 0162-1459, 
[][]doi:10.1080/
[2] (/usr/local/texlive/2022/texmf-dist/tex/latex/psnfss/ts1ptm.fd)
(/usr/local/texlive/2022/texmf-dist/tex/latex/inconsolata/ts1zi4.fd) [3]
[4] [5] [6] [7] [8] [9]
Underfull \hbox (badness 10000) in paragraph at lines 509--522


Underfull \hbox (badness 10000) in paragraph at lines 509--522


Underfull \hbox (badness 10000) in paragraph at lines 509--522


Overfull \hbox (9.05748pt too wide) in paragraph at lines 509--522
\T1/ptm/m/it/10 Jour-nal of the Amer-i-can Sta-tis-ti-cal As-so-ci-a-tion\T1/pt
m/m/n/10 , \T1/ptm/b/n/10 116\T1/ptm/m/n/10 (536), 1865--1880. ISSN 0162-1459, 
[][]doi:10.1080/
[10] [11] [12] [13]
Underfull \hbox (badness 10000) in paragraph at lines 716--729


Underfull \hbox (badness 10000) in paragraph at lines 716--729


Underfull \hbox (badness 10000) in paragraph at lines 716--729


Overfull \hbox (9.05748pt too wide) in paragraph at lines 716--729
\T1/ptm/m/it/10 Jour-nal of the Amer-i-can Sta-tis-ti-cal As-so-ci-a-tion\T1/pt
m/m/n/10 , \T1/ptm/b/n/10 116\T1/ptm/m/n/10 (536), 1865--1880. ISSN 0162-1459, 
[][]doi:10.1080/
[14] [15]
Overfull \hbox (8.25786pt too wide) in paragraph at lines 821--825
\T1/ptm/m/n/10 can be found at the fol-low-ing link https://cvxr.rbind.io/cvxr_
examples/cvxr_using-
[16] [17] [18]
Underfull \hbox (badness 10000) in paragraph at lines 972--985


Underfull \hbox (badness 10000) in paragraph at lines 972--985


Underfull \hbox (badness 10000) in paragraph at lines 972--985


Overfull \hbox (9.05748pt too wide) in paragraph at lines 972--985
\T1/ptm/m/it/10 Jour-nal of the Amer-i-can Sta-tis-ti-cal As-so-ci-a-tion\T1/pt
m/m/n/10 , \T1/ptm/b/n/10 116\T1/ptm/m/n/10 (536), 1865--1880. ISSN 0162-1459, 
[][]doi:10.1080/
[19] [20]
Overfull \hbox (8.25786pt too wide) in paragraph at lines 1095--1099
\T1/ptm/m/n/10 can be found at the fol-low-ing link https://cvxr.rbind.io/cvxr_
examples/cvxr_using-

Overfull \hbox (3.45811pt too wide) in paragraph at lines 1120--1121
[]\T1/ptm/m/n/10 a scalar spec-i-fy-ing the con-fi-dence level for in-sample un
-cer-tainty, i.e. 1 - []\T1/zi4/m/n/10 u.alpha
[21] [22] [23]
Overfull \hbox (0.42694pt too wide) in paragraph at lines 1249--1258
[]\T1/ptm/b/n/10 In-sample un-cer-tainty. \T1/ptm/m/n/10 To quan-tify in-sample
 un-cer-tainty it is nec-es-sary to model the pseudo-
[24] [25]
Overfull \hbox (1.60721pt too wide) in paragraph at lines 1337--1338
[]\T1/ptm/m/n/10 a list con-tain-ing the es-ti-mated bounds (in-sample and out-
of-sample un-cer-tainty). 

Overfull \hbox (6.19745pt too wide) in paragraph at lines 1340--1341
[]\T1/ptm/m/n/10 a ma-trix con-tain-ing the es-ti-mated (con-di-tional) varianc
e-covariance of the pseudo-

Overfull \hbox (0.13724pt too wide) in paragraph at lines 1352--1353
[]\T1/ptm/m/n/10 a string in-di-cat-ing the spec-i-fi-ca-tion used to pre-dict 
mo-ments of the out-of-sample
[26]
Underfull \hbox (badness 10000) in paragraph at lines 1378--1391


Underfull \hbox (badness 10000) in paragraph at lines 1378--1391


Underfull \hbox (badness 10000) in paragraph at lines 1378--1391


Overfull \hbox (9.05748pt too wide) in paragraph at lines 1378--1391
\T1/ptm/m/it/10 Jour-nal of the Amer-i-can Sta-tis-ti-cal As-so-ci-a-tion\T1/pt
m/m/n/10 , \T1/ptm/b/n/10 116\T1/ptm/m/n/10 (536), 1865--1880. ISSN 0162-1459, 
[][]doi:10.1080/
[27] [28]
Overfull \hbox (3.50772pt too wide) in paragraph at lines 1522--1523
[]\T1/ptm/m/n/10 a list con-tain-ing some specifics to be passed to ggsave (eg.
 img.width, img.height,
[29]
Underfull \hbox (badness 10000) in paragraph at lines 1546--1559


Underfull \hbox (badness 10000) in paragraph at lines 1546--1559


Underfull \hbox (badness 10000) in paragraph at lines 1546--1559


Overfull \hbox (9.05748pt too wide) in paragraph at lines 1546--1559
\T1/ptm/m/it/10 Jour-nal of the Amer-i-can Sta-tis-ti-cal As-so-ci-a-tion\T1/pt
m/m/n/10 , \T1/ptm/b/n/10 116\T1/ptm/m/n/10 (536), 1865--1880. ISSN 0162-1459, 
[][]doi:10.1080/
[30] [31]
Underfull \hbox (badness 10000) in paragraph at lines 1669--1682


Underfull \hbox (badness 10000) in paragraph at lines 1669--1682


Underfull \hbox (badness 10000) in paragraph at lines 1669--1682


Overfull \hbox (9.05748pt too wide) in paragraph at lines 1669--1682
\T1/ptm/m/it/10 Jour-nal of the Amer-i-can Sta-tis-ti-cal As-so-ci-a-tion\T1/pt
m/m/n/10 , \T1/ptm/b/n/10 116\T1/ptm/m/n/10 (536), 1865--1880. ISSN 0162-1459, 
[][]doi:10.1080/
[32] [33] [34]
(/private/var/folders/2w/9h_4yk211zx9y0hmzd_xf7yh0000gn/T/RtmpCdz28k/Rd2pdf5d03
6bba367a/Rd2.ind [35] [36])
(/private/var/folders/2w/9h_4yk211zx9y0hmzd_xf7yh0000gn/T/RtmpCdz28k/Rd2pdf5d03
6bba367a/Rd2.aux) )
(see the transcript file for additional information)
pdfTeX warning (dest): name{Rfn.as.Date} has been referenced but does not exist
, replaced by a fixed one

{/usr/local/texlive/2022/texmf-dist/fonts/enc/dvips/inconsolata/i4-ts1.enc}{/us
r/local/texlive/2022/texmf-dist/fonts/enc/dvips/base/8r.enc}{/usr/local/texlive
/2022/texmf-dist/fonts/enc/dvips/inconsolata/i4-t1-0.enc}</usr/local/texlive/20
22/texmf-dist/fonts/type1/public/inconsolata/Inconsolata-zi4r.pfb></usr/local/t
exlive/2022/texmf-dist/fonts/type1/public/amsfonts/cm/cmbx10.pfb></usr/local/te
xlive/2022/texmf-dist/fonts/type1/public/amsfonts/cm/cmex10.pfb></usr/local/tex
live/2022/texmf-dist/fonts/type1/public/amsfonts/cm/cmmi10.pfb></usr/local/texl
ive/2022/texmf-dist/fonts/type1/public/amsfonts/cm/cmmi5.pfb></usr/local/texliv
e/2022/texmf-dist/fonts/type1/public/amsfonts/cm/cmmi7.pfb></usr/local/texlive/
2022/texmf-dist/fonts/type1/public/amsfonts/cm/cmmib10.pfb></usr/local/texlive/
2022/texmf-dist/fonts/type1/public/amsfonts/cm/cmr10.pfb></usr/local/texlive/20
22/texmf-dist/fonts/type1/public/amsfonts/cm/cmr5.pfb></usr/local/texlive/2022/
texmf-dist/fonts/type1/public/amsfonts/cm/cmr7.pfb></usr/local/texlive/2022/tex
mf-dist/fonts/type1/public/amsfonts/cm/cmsy10.pfb></usr/local/texlive/2022/texm
f-dist/fonts/type1/public/amsfonts/cm/cmsy7.pfb></usr/local/texlive/2022/texmf-
dist/fonts/type1/urw/times/utmb8a.pfb></usr/local/texlive/2022/texmf-dist/fonts
/type1/urw/times/utmr8a.pfb></usr/local/texlive/2022/texmf-dist/fonts/type1/urw
/times/utmr8a.pfb></usr/local/texlive/2022/texmf-dist/fonts/type1/urw/times/utm
ri8a.pfb>
Output written on Rd2.pdf (36 pages, 293035 bytes).
Transcript written on Rd2.log.
Saving output to ‘scpi-manual.pdf’ ...
Done
You may want to clean up by 'rm -Rf /var/folders/2w/9h_4yk211zx9y0hmzd_xf7yh0000gn/T//RtmpCdz28k/Rd2pdf5d036bba367a'
